<?xml version="1.0" encoding="UTF-8"?>
<robot generator="Robot 6.1.1 (Python 3.11.2 on win32)" generated="20230917 14:04:29.691" rpa="false" schemaversion="4">
<suite id="s1" name="Robot1" source="C:\Users\vdi-student\Desktop\Selenium160923Wawa\robot1.robot">
<test id="s1-t1" name="My Second Test" line="30">
<kw name="Open Browser" library="SeleniumLibrary">
<arg>https://pl.wikipedia.org/</arg>
<arg>chrome</arg>
<doc>Opens a new browser instance to the optional ``url``.</doc>
<msg timestamp="20230917 14:04:29.939" level="INFO">Opening browser 'chrome' to base url 'https://pl.wikipedia.org/'.</msg>
<status status="PASS" starttime="20230917 14:04:29.939" endtime="20230917 14:04:31.699"/>
</kw>
<kw name="Set Window Size" library="SeleniumLibrary">
<arg>1200</arg>
<arg>800</arg>
<doc>Sets current windows size to given ``width`` and ``height``.</doc>
<status status="PASS" starttime="20230917 14:04:31.700" endtime="20230917 14:04:31.859"/>
</kw>
<kw name="Sleep" library="BuiltIn">
<arg>1</arg>
<doc>Pauses the test executed for the given time.</doc>
<msg timestamp="20230917 14:04:32.860" level="INFO">Slept 1 second</msg>
<status status="PASS" starttime="20230917 14:04:31.859" endtime="20230917 14:04:32.860"/>
</kw>
<kw name="Click Element" library="SeleniumLibrary">
<arg>id:pt-login-2</arg>
<doc>Click the element identified by ``locator``.</doc>
<msg timestamp="20230917 14:04:32.860" level="INFO">Clicking element 'id:pt-login-2'.</msg>
<status status="PASS" starttime="20230917 14:04:32.860" endtime="20230917 14:04:33.725"/>
</kw>
<kw name="Input Text" library="SeleniumLibrary">
<arg>id:wpName1</arg>
<arg>${login}</arg>
<doc>Types the given ``text`` into the text field identified by ``locator``.</doc>
<msg timestamp="20230917 14:04:33.726" level="INFO">Typing text 'RobotTests' into text field 'id:wpName1'.</msg>
<status status="PASS" starttime="20230917 14:04:33.725" endtime="20230917 14:04:33.838"/>
</kw>
<kw name="Input Password" library="SeleniumLibrary">
<arg>id:wpPassword1</arg>
<arg>${wrong_password}</arg>
<doc>Types the given password into the text field identified by ``locator``.</doc>
<msg timestamp="20230917 14:04:33.841" level="INFO">Typing password into text field 'id:wpPassword1'.</msg>
<msg timestamp="20230917 14:04:33.877" level="INFO">Temporally setting log level to: NONE</msg>
<msg timestamp="20230917 14:04:33.938" level="INFO">Log level changed from NONE to INFO.</msg>
<status status="PASS" starttime="20230917 14:04:33.840" endtime="20230917 14:04:33.938"/>
</kw>
<kw name="Checkbox Should Not Be Selected" library="SeleniumLibrary">
<arg>id:wpRemember</arg>
<doc>Verifies checkbox ``locator`` is not selected/checked.</doc>
<msg timestamp="20230917 14:04:33.939" level="INFO">Verifying checkbox 'id:wpRemember' is not selected.</msg>
<status status="PASS" starttime="20230917 14:04:33.938" endtime="20230917 14:04:33.979"/>
</kw>
<kw name="Select Checkbox" library="SeleniumLibrary">
<arg>id:wpRemember</arg>
<doc>Selects the checkbox identified by ``locator``.</doc>
<msg timestamp="20230917 14:04:33.980" level="INFO">Selecting checkbox 'id:wpRemember'.</msg>
<status status="PASS" starttime="20230917 14:04:33.980" endtime="20230917 14:04:34.061"/>
</kw>
<kw name="Wait Until Element Is Visible" library="SeleniumLibrary">
<arg>id:wpLoginAttempt</arg>
<arg>3</arg>
<doc>Waits until the element ``locator`` is visible.</doc>
<status status="PASS" starttime="20230917 14:04:34.066" endtime="20230917 14:04:34.094"/>
</kw>
<kw name="Click Button" library="SeleniumLibrary">
<arg>id:wpLoginAttempt</arg>
<doc>Clicks the button identified by ``locator``.</doc>
<msg timestamp="20230917 14:04:34.095" level="INFO">Clicking button 'id:wpLoginAttempt'.</msg>
<status status="PASS" starttime="20230917 14:04:34.095" endtime="20230917 14:04:35.157"/>
</kw>
<kw name="Sleep" library="BuiltIn">
<arg>1</arg>
<doc>Pauses the test executed for the given time.</doc>
<msg timestamp="20230917 14:04:36.158" level="INFO">Slept 1 second</msg>
<status status="PASS" starttime="20230917 14:04:35.157" endtime="20230917 14:04:36.158"/>
</kw>
<kw name="Get Text" library="SeleniumLibrary">
<var>${my_error_message}</var>
<arg>//*[@id="userloginForm"]/form/div[1]/div</arg>
<doc>Returns the text value of the element identified by ``locator``.</doc>
<msg timestamp="20230917 14:04:36.183" level="INFO">${my_error_message} = Podany login lub hasło są nieprawidłowe. Spróbuj jeszcze raz.</msg>
<status status="PASS" starttime="20230917 14:04:36.158" endtime="20230917 14:04:36.183"/>
</kw>
<kw name="Log" library="BuiltIn">
<arg>${my_error_message}</arg>
<doc>Logs the given message with the given level.</doc>
<msg timestamp="20230917 14:04:36.183" level="INFO">Podany login lub hasło są nieprawidłowe. Spróbuj jeszcze raz.</msg>
<status status="PASS" starttime="20230917 14:04:36.183" endtime="20230917 14:04:36.183"/>
</kw>
<kw name="Log To Console" library="BuiltIn">
<arg>${my_error_message}</arg>
<doc>Logs the given message to the console.</doc>
<status status="PASS" starttime="20230917 14:04:36.183" endtime="20230917 14:04:36.183"/>
</kw>
<kw name="Should Be Equal As Strings" library="BuiltIn">
<arg>${my_error_message}</arg>
<arg>${error_message}</arg>
<doc>Fails if objects are unequal after converting them to strings.</doc>
<status status="PASS" starttime="20230917 14:04:36.183" endtime="20230917 14:04:36.183"/>
</kw>
<kw name="Capture Page Screenshot" library="SeleniumLibrary">
<doc>Takes a screenshot of the current page and embeds it into a log file.</doc>
<msg timestamp="20230917 14:04:36.259" level="INFO" html="true">&lt;/td&gt;&lt;/tr&gt;&lt;tr&gt;&lt;td colspan="3"&gt;&lt;a href="selenium-screenshot-16.png"&gt;&lt;img src="selenium-screenshot-16.png" width="800px"&gt;&lt;/a&gt;</msg>
<status status="PASS" starttime="20230917 14:04:36.183" endtime="20230917 14:04:36.259"/>
</kw>
<kw name="Close Browser" library="SeleniumLibrary">
<doc>Closes the current browser.</doc>
<status status="PASS" starttime="20230917 14:04:36.259" endtime="20230917 14:04:38.391"/>
</kw>
<status status="PASS" starttime="20230917 14:04:29.939" endtime="20230917 14:04:38.391"/>
</test>
<status status="PASS" starttime="20230917 14:04:29.696" endtime="20230917 14:04:38.391"/>
</suite>
<statistics>
<total>
<stat pass="1" fail="0" skip="0">All Tests</stat>
</total>
<tag>
</tag>
<suite>
<stat pass="1" fail="0" skip="0" id="s1" name="Robot1">Robot1</stat>
</suite>
</statistics>
<errors>
</errors>
</robot>
